Starting the game
New round
Anfield: x = 20, y = 15
Grid size: y = 15
Grid:
....................
.........a..........
.........a..........
....................
....................
....................
....................
....................
....................
....................
....................
....................
.........$..........
....................
....................
Piece: x = 3, y = 1
Piece size: y = 1
Piece:
.OO
Chosen coordinates: x = 7, y = 12
Updated Grid:
....................
.........a..........
.........a..........
....................
....................
....................
....................
....................
....................
....................
....................
....................
........$$..........
....................
....................
New round
Anfield: x = 20, y = 15
Grid size: y = 15
Grid:
....................
.........@..........
.........a..........
.........a..........
....................
....................
....................
....................
....................
....................
....................
....................
........ss..........
....................
....................
Piece: x = 2, y = 3
Piece size: y = 3
Piece:
..
OO
OO
Chosen coordinates: x = 7, y = 10
Updated Grid:
....................
.........@..........
.........a..........
.........a..........
....................
....................
....................
....................
....................
....................
....................
.......$$...........
.......$$s..........
....................
....................
New round
Anfield: x = 20, y = 15
Grid size: y = 15
Grid:
....................
.........@..........
.........@a.........
.........aa.........
.........aa.........
....................
....................
....................
....................
....................
....................
.......ss...........
.......ss$..........
....................
....................
Piece: x = 2, y = 1
Piece size: y = 1
Piece:
OO
Chosen coordinates: x = 6, y = 11
Updated Grid:
....................
.........@..........
.........@a.........
.........aa.........
.........aa.........
....................
....................
....................
....................
....................
....................
......$$s...........
.......ss$..........
....................
....................
New round
Anfield: x = 20, y = 15
Grid size: y = 15
Grid:
....................
.........@..........
.........@@.........
.........@aa........
.........@@a........
....................
....................
....................
....................
....................
....................
......ss$...........
.......$$$..........
....................
....................
Piece: x = 3, y = 2
Piece size: y = 2
Piece:
..O
..O
Chosen coordinates: x = 4, y = 10
Updated Grid:
....................
.........@..........
.........@@.........
.........@aa........
.........@@a........
....................
....................
....................
....................
....................
......$.............
......$s$...........
.......$$$..........
....................
....................
New round
Anfield: x = 20, y = 15
Grid size: y = 15
Grid:
.........aa.........
........aaa.........
.........@@.........
.........@@@........
.........@@@........
....................
....................
....................
....................
....................
......s.............
......s$$...........
.......$$$..........
....................
....................
Piece: x = 3, y = 3
Piece size: y = 3
Piece:
OO.
.OO
.O.
Chosen coordinates: x = 5, y = 8
Updated Grid:
.........aa.........
........aaa.........
.........@@.........
.........@@@........
.........@@@........
....................
....................
....................
.....$$.............
......$$............
......$.............
......s$$...........
.......$$$..........
....................
....................
New round
Anfield: x = 20, y = 15
Grid size: y = 15
Grid:
.........@@.........
........@@@.........
.........@@.........
.........@@@........
.........@@a........
...........a........
....................
....................
.....ss.............
......ss............
......s.............
......$$$...........
.......$$$..........
....................
....................
Piece: x = 2, y = 1
Piece size: y = 1
Piece:
OO
Chosen coordinates: x = 4, y = 8
Updated Grid:
.........@@.........
........@@@.........
.........@@.........
.........@@@........
.........@@a........
...........a........
....................
....................
....$$s.............
......ss............
......s.............
......$$$...........
.......$$$..........
....................
....................
New round
Anfield: x = 20, y = 15
Grid size: y = 15
Grid:
.........@@.........
........a@@.........
........a@@.........
.........@@@........
.........@@@........
...........@........
....................
....................
....ss$.............
......$$............
......$.............
......$$$...........
.......$$$..........
....................
....................
Piece: x = 2, y = 2
Piece size: y = 2
Piece:
.O
.O
Chosen coordinates: x = 3, y = 7
Updated Grid:
.........@@.........
........a@@.........
........a@@.........
.........@@@........
.........@@@........
...........@........
....................
....$...............
....$s$.............
......$$............
......$.............
......$$$...........
.......$$$..........
....................
....................
New round
Anfield: x = 20, y = 15
Grid size: y = 15
Grid:
.......aaa@.........
........@@@.........
........@@@.........
.........@@@........
.........@@@........
...........@........
....................
....s...............
....s$$.............
......$$............
......$.............
......$$$...........
.......$$$..........
....................
....................
Piece: x = 3, y = 2
Piece size: y = 2
Piece:
.O.
OO.
Chosen coordinates: x = 3, y = 6
Updated Grid:
.......aaa@.........
........@@@.........
........@@@.........
.........@@@........
.........@@@........
...........@........
....$...............
...$$...............
....s$$.............
......$$............
......$.............
......$$$...........
.......$$$..........
....................
....................
New round
Anfield: x = 20, y = 15
Grid size: y = 15
Grid:
.......@@@@.........
........@@@.........
........@@@.........
.........@@@........
.........@@@........
..........aaa.......
....s.....a.........
...ss.....a.........
....$$$.............
......$$............
......$.............
......$$$...........
.......$$$..........
....................
....................
Piece: x = 2, y = 3
Piece size: y = 3
Piece:
O.
OO
OO
Chosen coordinates: x = 3, y = 4
Updated Grid:
.......@@@@.........
........@@@.........
........@@@.........
.........@@@........
...$.....@@@........
...$$.....aaa.......
...$$.....a.........
...ss.....a.........
....$$$.............
......$$............
......$.............
......$$$...........
.......$$$..........
....................
....................
New round
Anfield: x = 20, y = 15
Grid size: y = 15
Grid:
.......@@@@.........
........@@@.........
........@@@.........
.........@@@........
...s.....@@@........
...ss.....@@@.......
...ss.....@aa.......
...$$.....aaa.......
....$$$...aaa.......
......$$............
......$.............
......$$$...........
.......$$$..........
....................
....................
Piece: x = 4, y = 2
Piece size: y = 2
Piece:
OO..
OO..
Chosen coordinates: x = 2, y = 3
Updated Grid:
.......@@@@.........
........@@@.........
........@@@.........
..$$.....@@@........
..$$.....@@@........
...ss.....@@@.......
...ss.....@aa.......
...$$.....aaa.......
....$$$...aaa.......
......$$............
......$.............
......$$$...........
.......$$$..........
....................
....................
New round
Anfield: x = 20, y = 15
Grid size: y = 15
Grid:
.......@@@@.........
........@@@.........
........@@@.........
..ss.....@@@........
..ss.....@@@........
...$$.....@@@.......
...$$.....@@@.......
...$$.....@@aaaa....
....$$$...@@@aaa....
......$$......aa....
......$.............
......$$$...........
.......$$$..........
....................
....................
Piece: x = 2, y = 1
Piece size: y = 1
Piece:
OO
Chosen coordinates: x = 1, y = 3
Updated Grid:
.......@@@@.........
........@@@.........
........@@@.........
.$$s.....@@@........
..ss.....@@@........
...$$.....@@@.......
...$$.....@@@.......
...$$.....@@aaaa....
....$$$...@@@aaa....
......$$......aa....
......$.............
......$$$...........
.......$$$..........
....................
....................
New round
Anfield: x = 20, y = 15
Grid size: y = 15
Grid:
.......@@@@.........
........@@@.........
........@@@.........
.ss$.....@@@........
..$$.....@@@........
...$$.....@@@.......
...$$.....@@@.......
...$$.....@@@@@@....
....$$$...@@@@@@....
......$$.....aa@....
......$.......a.....
......$$$...........
.......$$$..........
....................
....................
Piece: x = 4, y = 3
Piece size: y = 3
Piece:
....
.O..
.O..
Chosen coordinates: x = 0, y = 1
Updated Grid:
.......@@@@.........
........@@@.........
.$......@@@.........
.$s$.....@@@........
..$$.....@@@........
...$$.....@@@.......
...$$.....@@@.......
...$$.....@@@@@@....
....$$$...@@@@@@....
......$$.....aa@....
......$.......a.....
......$$$...........
.......$$$..........
....................
....................
New round
Anfield: x = 20, y = 15
Grid size: y = 15
Grid:
.......@@@@.........
........@@@.........
.s......@@@.........
.s$$.....@@@........
..$$.....@@@........
...$$.....@@@.......
...$$.....@@@.......
...$$.....@@@@@@....
....$$$...@@@@@@....
......$$.....@@aa...
......$.......@aa...
......$$$.......a...
.......$$$..........
....................
....................
Piece: x = 4, y = 2
Piece size: y = 2
Piece:
.OOO
OO..
Chosen coordinates: x = 0, y = 1
Updated Grid:
.......@@@@.........
.$$$....@@@.........
$$......@@@.........
.s$$.....@@@........
..$$.....@@@........
...$$.....@@@.......
...$$.....@@@.......
...$$.....@@@@@@....
....$$$...@@@@@@....
......$$.....@@aa...
......$.......@aa...
......$$$.......a...
.......$$$..........
....................
....................
New round
Anfield: x = 20, y = 15
Grid size: y = 15
Grid:
.......@@@@.........
.sss....@@@.........
ss......@@@.........
.$$$.....@@@........
..$$.....@@@........
...$$.....@@@.......
...$$.....@@@.......
...$$.....@@@@@@....
....$$$...@@@@@@....
......$$.....@@@@...
......$.......@a@...
......$$$......a@...
.......$$$..........
....................
....................
Piece: x = 1, y = 2
Piece size: y = 2
Piece:
O
O
Chosen coordinates: x = 1, y = 0
Updated Grid:
.$.....@@@@.........
.$ss....@@@.........
ss......@@@.........
.$$$.....@@@........
..$$.....@@@........
...$$.....@@@.......
...$$.....@@@.......
...$$.....@@@@@@....
....$$$...@@@@@@....
......$$.....@@@@...
......$.......@a@...
......$$$......a@...
.......$$$..........
....................
....................
New round
Anfield: x = 20, y = 15
Grid size: y = 15
Grid:
.s.....@@@@.........
.s$$....@@@.........
$$......@@@.........
.$$$.....@@@........
..$$.....@@@........
...$$.....@@@.......
...$$.....@@@.......
...$$.....@@@@@@....
....$$$...@@@@@@....
......$$.....@@@@...
......$.......@@@...
......$$$......@a...
.......$$$......a...
....................
....................
Piece: x = 3, y = 3
Piece size: y = 3
Piece:
OO.
OOO
OOO
Chosen coordinates: x = 3, y = 0
Updated Grid:
.s.$$..@@@@.........
.s$$$$..@@@.........
$$.$$$..@@@.........
.$$$.....@@@........
..$$.....@@@........
...$$.....@@@.......
...$$.....@@@.......
...$$.....@@@@@@....
....$$$...@@@@@@....
......$$.....@@@@...
......$.......@@@...
......$$$......@a...
.......$$$......a...
....................
....................
New round
Anfield: x = 20, y = 15
Grid size: y = 15
Grid:
.$.ss..@@@@.........
.$$sss..@@@.........
$$.sss..@@@.........
.$$$.....@@@........
..$$.....@@@........
...$$.....@@@.......
...$$.....@@@.......
...$$.....@@@@@@....
....$$$...@@@@@@....
......$$.....@@@@...
......$.......@@@...
......$$$......@@...
.......$$$......a...
...............a....
....................
Piece: x = 1, y = 2
Piece size: y = 2
Piece:
O
O
Chosen coordinates: x = 2, y = 0
Updated Grid:
.$$ss..@@@@.........
.$$sss..@@@.........
$$.sss..@@@.........
.$$$.....@@@........
..$$.....@@@........
...$$.....@@@.......
...$$.....@@@.......
...$$.....@@@@@@....
....$$$...@@@@@@....
......$$.....@@@@...
......$.......@@@...
......$$$......@@...
.......$$$......a...
...............a....
....................
New round
Anfield: x = 20, y = 15
Grid size: y = 15
Grid:
.$s$$..@@@@.........
.$s$$$..@@@.........
$$.$$$..@@@.........
.$$$.....@@@........
..$$.....@@@........
...$$.....@@@.......
...$$.....@@@.......
...$$.....@@@@@@....
....$$$...@@@@@@....
......$$.....@@@@...
......$.......@@@...
......$$$......@@...
.......$$$......@...
.............aaaa...
.............aaa....
Piece: x = 3, y = 1
Piece size: y = 1
Piece:
.OO
Chosen coordinates: x = 3, y = 0
Updated Grid:
.$s$$$.@@@@.........
.$s$$$..@@@.........
$$.$$$..@@@.........
.$$$.....@@@........
..$$.....@@@........
...$$.....@@@.......
...$$.....@@@.......
...$$.....@@@@@@....
....$$$...@@@@@@....
......$$.....@@@@...
......$.......@@@...
......$$$......@@...
.......$$$......@...
.............aaaa...
.............aaa....
New round
Anfield: x = 20, y = 15
Grid size: y = 15
Grid:
.$$$ss.@@@@.........
.$$$$$..@@@.........
$$.$$$..@@@.........
.$$$.....@@@........
..$$.....@@@........
...$$.....@@@.......
...$$.....@@@.......
...$$.....@@@@@@....
....$$$...@@@@@@....
......$$.....a@@@...
......$......a@@@...
......$$$......@@...
.......$$$......@...
.............@@@@...
.............@@@....
Piece: x = 1, y = 3
Piece size: y = 3
Piece:
O
O
.
Chosen coordinates: x = 0, y = 1
Updated Grid:
.$$$ss.@@@@.........
$$$$$$..@@@.........
$$.$$$..@@@.........
.$$$.....@@@........
..$$.....@@@........
...$$.....@@@.......
...$$.....@@@.......
...$$.....@@@@@@....
....$$$...@@@@@@....
......$$.....a@@@...
......$......a@@@...
......$$$......@@...
.......$$$......@...
.............@@@@...
.............@@@....
New round
Anfield: x = 20, y = 15
Grid size: y = 15
Grid:
.$$$$$.@@@@.........
s$$$$$..@@@.........
s$.$$$..@@@aaa......
.$$$.....@@a.a......
..$$.....@@@........
...$$.....@@@.......
...$$.....@@@.......
...$$.....@@@@@@....
....$$$...@@@@@@....
......$$.....@@@@...
......$......@@@@...
......$$$......@@...
.......$$$......@...
.............@@@@...
.............@@@....
Piece: x = 1, y = 2
Piece size: y = 2
Piece:
O
O
Chosen coordinates: x = 0, y = 0
Updated Grid:
$$$$$$.@@@@.........
$$$$$$..@@@.........
s$.$$$..@@@aaa......
.$$$.....@@a.a......
..$$.....@@@........
...$$.....@@@.......
...$$.....@@@.......
...$$.....@@@@@@....
....$$$...@@@@@@....
......$$.....@@@@...
......$......@@@@...
......$$$......@@...
.......$$$......@...
.............@@@@...
.............@@@....
New round
Anfield: x = 20, y = 15
Grid size: y = 15
Grid:
s$$$$$.@@@@a........
s$$$$$..@@aa........
$$.$$$..@@@@@@......
.$$$.....@@@.@......
..$$.....@@@........
...$$.....@@@.......
...$$.....@@@.......
...$$.....@@@@@@....
....$$$...@@@@@@....
......$$.....@@@@...
......$......@@@@...
......$$$......@@...
.......$$$......@...
.............@@@@...
.............@@@....
Piece: x = 3, y = 1
Piece size: y = 1
Piece:
.OO
Chosen coordinates: x = 4, y = 0
Updated Grid:
s$$$$$$@@@@a........
s$$$$$..@@aa........
$$.$$$..@@@@@@......
.$$$.....@@@.@......
..$$.....@@@........
...$$.....@@@.......
...$$.....@@@.......
...$$.....@@@@@@....
....$$$...@@@@@@....
......$$.....@@@@...
......$......@@@@...
......$$$......@@...
.......$$$......@...
.............@@@@...
.............@@@....
New round
Anfield: x = 20, y = 15
Grid size: y = 15
Grid:
$$$$$ss@@@@@........
$$$$$$..@@@@a.......
$$.$$$..@@@@a@......
.$$$.....@@@.@......
..$$.....@@@........
...$$.....@@@.......
...$$.....@@@.......
...$$.....@@@@@@....
....$$$...@@@@@@....
......$$.....@@@@...
......$......@@@@...
......$$$......@@...
.......$$$......@...
.............@@@@...
.............@@@....
Piece: x = 2, y = 3
Piece size: y = 3
Piece:
OO
.O
OO
Chosen coordinates: x = 5, y = 1
Updated Grid:
$$$$$ss@@@@@........
$$$$$$$.@@@@a.......
$$.$$$$.@@@@a@......
.$$$.$$..@@@.@......
..$$.....@@@........
...$$.....@@@.......
...$$.....@@@.......
...$$.....@@@@@@....
....$$$...@@@@@@....
......$$.....@@@@...
......$......@@@@...
......$$$......@@...
.......$$$......@...
.............@@@@...
.............@@@....
New round
Anfield: x = 20, y = 15
Grid size: y = 15
Grid:
$$$$$$$@@@@@........
$$$$$ss.@@@@@.......
$$.$$$s.@@@@@@......
.$$$.ss..@@@.@......
..$$.....@@@.aa.....
...$$.....@@aaa.....
...$$.....@@@aa.....
...$$.....@@@@@@....
....$$$...@@@@@@....
......$$.....@@@@...
......$......@@@@...
......$$$......@@...
.......$$$......@...
.............@@@@...
.............@@@....
Piece: x = 4, y = 1
Piece size: y = 1
Piece:
.OOO
Chosen coordinates: x = 5, y = 3
Updated Grid:
$$$$$$$@@@@@........
$$$$$ss.@@@@@.......
$$.$$$s.@@@@@@......
.$$$.s$$$@@@.@......
..$$.....@@@.aa.....
...$$.....@@aaa.....
...$$.....@@@aa.....
...$$.....@@@@@@....
....$$$...@@@@@@....
......$$.....@@@@...
......$......@@@@...
......$$$......@@...
.......$$$......@...
.............@@@@...
.............@@@....
New round
Anfield: x = 20, y = 15
Grid size: y = 15
Grid:
$$$$$$$@@@@@........
$$$$$$$.@@@@@.......
$$.$$$$.@@@@@@......
.$$$.$sss@@@.@......
..$$.....@@@.@@.....
...$$.....@@@@@.....
...$$.....@@@@@.....
...$$.....@@@@@@....
....$$$...@@@@@@....
......$$.....@@@@...
......$......@@@@...
......$$$....aaa@...
.......$$$...aa.@...
.............@@@@...
.............@@@....
Piece: x = 3, y = 2
Piece size: y = 2
Piece:
OOO
.OO
Chosen coordinates: x = 0, y = 4
Updated Grid:
$$$$$$$@@@@@........
$$$$$$$.@@@@@.......
$$.$$$$.@@@@@@......
.$$$.$sss@@@.@......
$$$$.....@@@.@@.....
.$$$$.....@@@@@.....
...$$.....@@@@@.....
...$$.....@@@@@@....
....$$$...@@@@@@....
......$$.....@@@@...
......$......@@@@...
......$$$....aaa@...
.......$$$...aa.@...
.............@@@@...
.............@@@....
New round
Anfield: x = 20, y = 15
Grid size: y = 15
Grid:
$$$$$$$@@@@@........
$$$$$$$.@@@@@.......
$$.$$$$.@@@@@aa.....
.$$$.$$$$@@@.@......
sss$.....@@@.@@.....
.ss$$.....@@@@@.....
...$$.....@@@@@.....
...$$.....@@@@@@....
....$$$...@@@@@@....
......$$.....@@@@...
......$......@@@@...
......$$$....@@@@...
.......$$$...@@.@...
.............@@@@...
.............@@@....
Piece: x = 4, y = 3
Piece size: y = 3
Piece:
OO..
OOO.
OO..
Chosen coordinates: x = 0, y = 5
Updated Grid:
$$$$$$$@@@@@........
$$$$$$$.@@@@@.......
$$.$$$$.@@@@@aa.....
.$$$.$$$$@@@.@......
sss$.....@@@.@@.....
$$s$$.....@@@@@.....
$$$$$.....@@@@@.....
$$.$$.....@@@@@@....
....$$$...@@@@@@....
......$$.....@@@@...
......$......@@@@...
......$$$....@@@@...
.......$$$...@@.@...
.............@@@@...
.............@@@....
New round
Anfield: x = 20, y = 15
Grid size: y = 15
Grid:
$$$$$$$@@@@@........
$$$$$$$.@@@@@.......
$$.$$$$.@@@@@@a.....
.$$$.$$$$@@@.@a.....
$$$$.....@@@.@@.....
ss$$$.....@@@@@.....
sss$$.....@@@@@.....
ss.$$.....@@@@@@....
....$$$...@@@@@@....
......$$.....@@@@...
......$......@@@@...
......$$$....@@@@...
.......$$$...@@.@...
.............@@@@...
.............@@@....
Piece: x = 1, y = 2
Piece size: y = 2
Piece:
O
O
Chosen coordinates: x = 2, y = 1
Updated Grid:
$$$$$$$@@@@@........
$$$$$$$.@@@@@.......
$$$$$$$.@@@@@@a.....
.$$$.$$$$@@@.@a.....
$$$$.....@@@.@@.....
ss$$$.....@@@@@.....
sss$$.....@@@@@.....
ss.$$.....@@@@@@....
....$$$...@@@@@@....
......$$.....@@@@...
......$......@@@@...
......$$$....@@@@...
.......$$$...@@.@...
.............@@@@...
.............@@@....
New round
Anfield: x = 20, y = 15
Grid size: y = 15
Grid:
$$$$$$$@@@@@........
$$s$$$$.@@@@@a......
$$s$$$$.@@@@@a@.....
.$$$.$$$$@@@.@@.....
$$$$.....@@@.@@.....
$$$$$.....@@@@@.....
$$$$$.....@@@@@.....
$$.$$.....@@@@@@....
....$$$...@@@@@@....
......$$.....@@@@...
......$......@@@@...
......$$$....@@@@...
.......$$$...@@.@...
.............@@@@...
.............@@@....
Piece: x = 3, y = 3
Piece size: y = 3
Piece:
...
OOO
.OO
Chosen coordinates: x = 4, y = 4
Updated Grid:
$$$$$$$@@@@@........
$$s$$$$.@@@@@a......
$$s$$$$.@@@@@a@.....
.$$$.$$$$@@@.@@.....
$$$$.....@@@.@@.....
$$$$$$$...@@@@@.....
$$$$$$$...@@@@@.....
$$.$$.....@@@@@@....
....$$$...@@@@@@....
......$$.....@@@@...
......$......@@@@...
......$$$....@@@@...
.......$$$...@@.@...
.............@@@@...
.............@@@....
New round
Anfield: x = 20, y = 15
Grid size: y = 15
Grid:
$$$$$$$@@@@@........
$$$$$$$.@@@@@@......
$$$$$$$.@@@@@@@.....
.$$$.$$$$@@@.@@.....
$$$$.....@@@.@@.....
$$$$sss...@@@@@.....
$$$$$ss...@@@@@.....
$$.$$.....@@@@@@....
....$$$...@@@@@@....
......$$....a@@@@...
......$.....aa@@@...
......$$$....@@@@...
.......$$$...@@.@...
.............@@@@...
.............@@@....
Piece: x = 3, y = 2
Piece size: y = 2
Piece:
..O
.O.
Chosen coordinates: x = 5, y = 1
Updated Grid:
$$$$$$$@@@@@........
$$$$$$$$@@@@@@......
$$$$$$$.@@@@@@@.....
.$$$.$$$$@@@.@@.....
$$$$.....@@@.@@.....
$$$$sss...@@@@@.....
$$$$$ss...@@@@@.....
$$.$$.....@@@@@@....
....$$$...@@@@@@....
......$$....a@@@@...
......$.....aa@@@...
......$$$....@@@@...
.......$$$...@@.@...
.............@@@@...
.............@@@....
New round
Anfield: x = 20, y = 15
Grid size: y = 15
Grid:
$$$$$$$@@@@@........
$$$$$$$s@@@@@@......
$$$$$$s.@@@@@@@.....
.$$$.$$$$@@@.@@.....
$$$$.....@@@.@@.....
$$$$$$$...@@@@@.....
$$$$$$$...@@@@@.....
$$.$$.....@@@@@@....
....$$$...@@@@@@....
......$$....@@@@@...
......$.....@@@@@...
......$$$....@@@@...
.......$$$...@@a@...
.............@@a@...
.............@@@....
Piece: x = 3, y = 2
Piece size: y = 2
Piece:
OOO
.OO
Chosen coordinates: x = 5, y = 4
Updated Grid:
$$$$$$$@@@@@........
$$$$$$$s@@@@@@......
$$$$$$s.@@@@@@@.....
.$$$.$$$$@@@.@@.....
$$$$.$$$.@@@.@@.....
$$$$$$$$..@@@@@.....
$$$$$$$...@@@@@.....
$$.$$.....@@@@@@....
....$$$...@@@@@@....
......$$....@@@@@...
......$.....@@@@@...
......$$$....@@@@...
.......$$$...@@a@...
.............@@a@...
.............@@@....
New round
Anfield: x = 20, y = 15
Grid size: y = 15
Grid:
$$$$$$$@@@@@a.......
$$$$$$$$@@@a@@......
$$$$$$$.@@@@@@@.....
.$$$.$$$$@@@.@@.....
$$$$.sss.@@@.@@.....
$$$$$$ss..@@@@@.....
$$$$$$$...@@@@@.....
$$.$$.....@@@@@@....
....$$$...@@@@@@....
......$$....@@@@@...
......$.....@@@@@...
......$$$....@@@@...
.......$$$...@@@@...
.............@@@@...
.............@@@....
Piece: x = 1, y = 2
Piece size: y = 2
Piece:
O
O
Chosen coordinates: x = 7, y = 1
Updated Grid:
$$$$$$$@@@@@a.......
$$$$$$$$@@@a@@......
$$$$$$$$@@@@@@@.....
.$$$.$$$$@@@.@@.....
$$$$.sss.@@@.@@.....
$$$$$$ss..@@@@@.....
$$$$$$$...@@@@@.....
$$.$$.....@@@@@@....
....$$$...@@@@@@....
......$$....@@@@@...
......$.....@@@@@...
......$$$....@@@@...
.......$$$...@@@@...
.............@@@@...
.............@@@....
New round
Anfield: x = 20, y = 15
Grid size: y = 15
Grid:
$$$$$$$@@@@@@.......
$$$$$$$s@@@@@@......
$$$$$$$s@@@@@@@.....
.$$$.$$$$@@@.@@.....
$$$$.$$$.@@@a@@.....
$$$$$$$$..@@a@@.....
$$$$$$$...@@@@@.....
$$.$$.....@@@@@@....
....$$$...@@@@@@....
......$$....@@@@@...
......$.....@@@@@...
......$$$....@@@@...
.......$$$...@@@@...
.............@@@@...
.............@@@....
Piece: x = 3, y = 1
Piece size: y = 1
Piece:
.OO
Chosen coordinates: x = 2, y = 3
Updated Grid:
$$$$$$$@@@@@@.......
$$$$$$$s@@@@@@......
$$$$$$$s@@@@@@@.....
.$$$$$$$$@@@.@@.....
$$$$.$$$.@@@a@@.....
$$$$$$$$..@@a@@.....
$$$$$$$...@@@@@.....
$$.$$.....@@@@@@....
....$$$...@@@@@@....
......$$....@@@@@...
......$.....@@@@@...
......$$$....@@@@...
.......$$$...@@@@...
.............@@@@...
.............@@@....
New round
Anfield: x = 20, y = 15
Grid size: y = 15
Grid:
$$$$$$$@@@@@@.......
$$$$$$$$@@@@@@......
$$$$$$$$@@@@@@@.....
.$$ss$$$$@@@.@@.....
$$$$.$$$.@@@@@@.....
$$$$$$$$..@@@@@.....
$$$$$$$...@@@@@.....
$$.$$.....@@@@@@....
....$$$...@@@@@@....
......$$....@@@@@...
......$.....@@@@@...
......$$$....@@@aaa.
.......$$$...@@@@aa.
.............@@@@...
.............@@@....
Piece: x = 3, y = 1
Piece size: y = 1
Piece:
.OO
Chosen coordinates: x = 2, y = 4
Updated Grid:
$$$$$$$@@@@@@.......
$$$$$$$$@@@@@@......
$$$$$$$$@@@@@@@.....
.$$ss$$$$@@@.@@.....
$$$$$$$$.@@@@@@.....
$$$$$$$$..@@@@@.....
$$$$$$$...@@@@@.....
$$.$$.....@@@@@@....
....$$$...@@@@@@....
......$$....@@@@@...
......$.....@@@@@...
......$$$....@@@aaa.
.......$$$...@@@@aa.
.............@@@@...
.............@@@....
New round
Anfield: x = 20, y = 15
Grid size: y = 15
Grid:
$$$$$$$@@@@@@a......
$$$$$$$$@@@@@a......
$$$$$$$$@@@@@@@.....
.$$$$$$$$@@@.@@.....
$$$ss$$$.@@@@@@.....
$$$$$$$$..@@@@@.....
$$$$$$$...@@@@@.....
$$.$$.....@@@@@@....
....$$$...@@@@@@....
......$$....@@@@@...
......$.....@@@@@...
......$$$....@@@@@@.
.......$$$...@@@@@@.
.............@@@@...
.............@@@....
Piece: x = 4, y = 1
Piece size: y = 1
Piece:
..OO
Chosen coordinates: x = 5, y = 4
Updated Grid:
$$$$$$$@@@@@@a......
$$$$$$$$@@@@@a......
$$$$$$$$@@@@@@@.....
.$$$$$$$$@@@.@@.....
$$$ss$$$$@@@@@@.....
$$$$$$$$..@@@@@.....
$$$$$$$...@@@@@.....
$$.$$.....@@@@@@....
....$$$...@@@@@@....
......$$....@@@@@...
......$.....@@@@@...
......$$$....@@@@@@.
.......$$$...@@@@@@.
.............@@@@...
.............@@@....
New round
Anfield: x = 20, y = 15
Grid size: y = 15
Grid:
$$$$$$$@@@@@@@......
$$$$$$$$@@@@@@......
$$$$$$$$@@@@@@@.....
.$$$$$$$$@@@.@@.....
$$$$$$$ss@@@@@aa....
$$$$$$$$..@@@@@.....
$$$$$$$...@@@@@.....
$$.$$.....@@@@@@....
....$$$...@@@@@@....
......$$....@@@@@...
......$.....@@@@@...
......$$$....@@@@@@.
.......$$$...@@@@@@.
.............@@@@...
.............@@@....
Piece: x = 2, y = 3
Piece size: y = 3
Piece:
.O
OO
OO
Chosen coordinates: x = 6, y = 6
Updated Grid:
$$$$$$$@@@@@@@......
$$$$$$$$@@@@@@......
$$$$$$$$@@@@@@@.....
.$$$$$$$$@@@.@@.....
$$$$$$$ss@@@@@aa....
$$$$$$$$..@@@@@.....
$$$$$$$$..@@@@@.....
$$.$$.$$..@@@@@@....
....$$$$..@@@@@@....
......$$....@@@@@...
......$.....@@@@@...
......$$$....@@@@@@.
.......$$$...@@@@@@.
.............@@@@...
.............@@@....
New round
Anfield: x = 20, y = 15
Grid size: y = 15
Grid:
$$$$$$$@@@@@@@......
$$$$$$$$@@@@@aa.....
$$$$$$$$@@@@@@@.....
.$$$$$$$$@@@.@@.....
$$$$$$$$$@@@@@@@....
$$$$$$$$..@@@@@.....
$$$$$$$s..@@@@@.....
$$.$$.ss..@@@@@@....
....$$ss..@@@@@@....
......$$....@@@@@...
......$.....@@@@@...
......$$$....@@@@@@.
.......$$$...@@@@@@.
.............@@@@...
.............@@@....
Piece: x = 1, y = 2
Piece size: y = 2
Piece:
O
O
Chosen coordinates: x = 0, y = 2
Updated Grid:
$$$$$$$@@@@@@@......
$$$$$$$$@@@@@aa.....
$$$$$$$$@@@@@@@.....
$$$$$$$$$@@@.@@.....
$$$$$$$$$@@@@@@@....
$$$$$$$$..@@@@@.....
$$$$$$$s..@@@@@.....
$$.$$.ss..@@@@@@....
....$$ss..@@@@@@....
......$$....@@@@@...
......$.....@@@@@...
......$$$....@@@@@@.
.......$$$...@@@@@@.
.............@@@@...
.............@@@....
New round
Anfield: x = 20, y = 15
Grid size: y = 15
Grid:
$$$$$$$@@@@@@@......
$$$$$$$$@@@@@@@.....
s$$$$$$$@@@@@@@.....
s$$$$$$$$@@@.@@.....
$$$$$$$$$@@@@@@@....
$$$$$$$$..@@@@@aa...
$$$$$$$$..@@@@@.a...
$$.$$.$$..@@@@@aa...
....$$$$..@@@@@@....
......$$....@@@@@...
......$.....@@@@@...
......$$$....@@@@@@.
.......$$$...@@@@@@.
.............@@@@...
.............@@@....
Piece: x = 2, y = 1
Piece size: y = 1
Piece:
OO
Chosen coordinates: x = 7, y = 5
Updated Grid:
$$$$$$$@@@@@@@......
$$$$$$$$@@@@@@@.....
s$$$$$$$@@@@@@@.....
s$$$$$$$$@@@.@@.....
$$$$$$$$$@@@@@@@....
$$$$$$$$$.@@@@@aa...
$$$$$$$$..@@@@@.a...
$$.$$.$$..@@@@@aa...
....$$$$..@@@@@@....
......$$....@@@@@...
......$.....@@@@@...
......$$$....@@@@@@.
.......$$$...@@@@@@.
.............@@@@...
.............@@@....
New round
Anfield: x = 20, y = 15
Grid size: y = 15
Grid:
$$$$$$$@@@@@@@......
$$$$$$$$@@@@@@@.....
$$$$$$$$@@@@@@@.....
$$$$$$$$$@@@.@@a....
$$$$$$$$$@@@@@a@....
$$$$$$$ss.@@@@@@@...
$$$$$$$$..@@@@@.@...
$$.$$.$$..@@@@@@@...
....$$$$..@@@@@@....
......$$....@@@@@...
......$.....@@@@@...
......$$$....@@@@@@.
.......$$$...@@@@@@.
.............@@@@...
.............@@@....
Piece: x = 1, y = 2
Piece size: y = 2
Piece:
O
O
Chosen coordinates: x = 8, y = 5
Updated Grid:
$$$$$$$@@@@@@@......
$$$$$$$$@@@@@@@.....
$$$$$$$$@@@@@@@.....
$$$$$$$$$@@@.@@a....
$$$$$$$$$@@@@@a@....
$$$$$$$s$.@@@@@@@...
$$$$$$$$$.@@@@@.@...
$$.$$.$$..@@@@@@@...
....$$$$..@@@@@@....
......$$....@@@@@...
......$.....@@@@@...
......$$$....@@@@@@.
.......$$$...@@@@@@.
.............@@@@...
.............@@@....
New round
Anfield: x = 20, y = 15
Grid size: y = 15
Grid:
$$$$$$$@@@@@@@......
$$$$$$$$@@@@@@@.....
$$$$$$$$@@@@@@@a....
$$$$$$$$$@@@.@@a....
$$$$$$$$$@@@@@@@....
$$$$$$$$s.@@@@@@@...
$$$$$$$$s.@@@@@.@...
$$.$$.$$..@@@@@@@...
....$$$$..@@@@@@....
......$$....@@@@@...
......$.....@@@@@...
......$$$....@@@@@@.
.......$$$...@@@@@@.
.............@@@@...
.............@@@....
Piece: x = 2, y = 1
Piece size: y = 1
Piece:
OO
Chosen coordinates: x = 8, y = 5
Updated Grid:
$$$$$$$@@@@@@@......
$$$$$$$$@@@@@@@.....
$$$$$$$$@@@@@@@a....
$$$$$$$$$@@@.@@a....
$$$$$$$$$@@@@@@@....
$$$$$$$$$$@@@@@@@...
$$$$$$$$s.@@@@@.@...
$$.$$.$$..@@@@@@@...
....$$$$..@@@@@@....
......$$....@@@@@...
......$.....@@@@@...
......$$$....@@@@@@.
.......$$$...@@@@@@.
.............@@@@...
.............@@@....
New round
Anfield: x = 20, y = 15
Grid size: y = 15
Grid:
$$$$$$$@@@@@@@a.....
$$$$$$$$@@@@@@a.....
$$$$$$$$@@@@@@@@....
$$$$$$$$$@@@.@@@....
$$$$$$$$$@@@@@@@....
$$$$$$$$ss@@@@@@@...
$$$$$$$$$.@@@@@.@...
$$.$$.$$..@@@@@@@...
....$$$$..@@@@@@....
......$$....@@@@@...
......$.....@@@@@...
......$$$....@@@@@@.
.......$$$...@@@@@@.
.............@@@@...
.............@@@....
Piece: x = 2, y = 3
Piece size: y = 3
Piece:
.O
OO
OO
Chosen coordinates: x = 0, y = 7
Updated Grid:
$$$$$$$@@@@@@@a.....
$$$$$$$$@@@@@@a.....
$$$$$$$$@@@@@@@@....
$$$$$$$$$@@@.@@@....
$$$$$$$$$@@@@@@@....
$$$$$$$$ss@@@@@@@...
$$$$$$$$$.@@@@@.@...
$$.$$.$$..@@@@@@@...
$$..$$$$..@@@@@@....
$$....$$....@@@@@...
......$.....@@@@@...
......$$$....@@@@@@.
.......$$$...@@@@@@.
.............@@@@...
.............@@@....
New round
Anfield: x = 20, y = 15
Grid size: y = 15
Grid:
$$$$$$$@@@@@@@@aa...
$$$$$$$$@@@@@@@aa...
$$$$$$$$@@@@@@@a....
$$$$$$$$$@@@.@@@....
$$$$$$$$$@@@@@@@....
$$$$$$$$$$@@@@@@@...
$$$$$$$$$.@@@@@.@...
$s.$$.$$..@@@@@@@...
ss..$$$$..@@@@@@....
ss....$$....@@@@@...
......$.....@@@@@...
......$$$....@@@@@@.
.......$$$...@@@@@@.
.............@@@@...
.............@@@....
Piece: x = 2, y = 1
Piece size: y = 1
Piece:
OO
Chosen coordinates: x = 8, y = 6
Updated Grid:
$$$$$$$@@@@@@@@aa...
$$$$$$$$@@@@@@@aa...
$$$$$$$$@@@@@@@a....
$$$$$$$$$@@@.@@@....
$$$$$$$$$@@@@@@@....
$$$$$$$$$$@@@@@@@...
$$$$$$$$$$@@@@@.@...
$s.$$.$$..@@@@@@@...
ss..$$$$..@@@@@@....
ss....$$....@@@@@...
......$.....@@@@@...
......$$$....@@@@@@.
.......$$$...@@@@@@.
.............@@@@...
.............@@@....
New round
Anfield: x = 20, y = 15
Grid size: y = 15
Grid:
$$$$$$$@@@@@@@@@@...
$$$$$$$$@@@@@@@@@...
$$$$$$$$@@@@@@@@....
$$$$$$$$$@@@.@@@....
$$$$$$$$$@@@@@@@....
$$$$$$$$$$@@@@@@@...
$$$$$$$$ss@@@@@aa...
$$.$$.$$..@@@@@@@...
$$..$$$$..@@@@@@....
$$....$$....@@@@@...
......$.....@@@@@...
......$$$....@@@@@@.
.......$$$...@@@@@@.
.............@@@@...
.............@@@....
Piece: x = 2, y = 3
Piece size: y = 3
Piece:
.O
OO
OO
Chosen coordinates: x = 8, y = 6
Updated Grid:
$$$$$$$@@@@@@@@@@...
$$$$$$$$@@@@@@@@@...
$$$$$$$$@@@@@@@@....
$$$$$$$$$@@@.@@@....
$$$$$$$$$@@@@@@@....
$$$$$$$$$$@@@@@@@...
$$$$$$$$s$@@@@@aa...
$$.$$.$$$$@@@@@@@...
$$..$$$$$$@@@@@@....
$$....$$....@@@@@...
......$.....@@@@@...
......$$$....@@@@@@.
.......$$$...@@@@@@.
.............@@@@...
.............@@@....
New round
Anfield: x = 20, y = 15
Grid size: y = 15
Grid:
$$$$$$$@@@@@@@@@@...
$$$$$$$$@@@@@@@@@...
$$$$$$$$@@@@@@@@....
$$$$$$$$$@@@.@@aaa..
$$$$$$$$$@@@@@@@....
$$$$$$$$$$@@@@@@@...
$$$$$$$$$s@@@@@@@...
$$.$$.$$ss@@@@@@@...
$$..$$$$ss@@@@@@....
$$....$$....@@@@@...
......$.....@@@@@...
......$$$....@@@@@@.
.......$$$...@@@@@@.
.............@@@@...
.............@@@....
Piece: x = 3, y = 2
Piece size: y = 2
Piece:
...
OO.
Chosen coordinates: x = 1, y = 6
Updated Grid:
$$$$$$$@@@@@@@@@@...
$$$$$$$$@@@@@@@@@...
$$$$$$$$@@@@@@@@....
$$$$$$$$$@@@.@@aaa..
$$$$$$$$$@@@@@@@....
$$$$$$$$$$@@@@@@@...
$$$$$$$$$s@@@@@@@...
$$$$$.$$ss@@@@@@@...
$$..$$$$ss@@@@@@....
$$....$$....@@@@@...
......$.....@@@@@...
......$$$....@@@@@@.
.......$$$...@@@@@@.
.............@@@@...
.............@@@....
New round
Anfield: x = 20, y = 15
Grid size: y = 15
Grid:
$$$$$$$@@@@@@@@@@...
$$$$$$$$@@@@@@@@@...
$$$$$$$$@@@@@@@@....
$$$$$$$$$@@@.@@@a@..
$$$$$$$$$@@@@@@@aa..
$$$$$$$$$$@@@@@@@...
$$$$$$$$$$@@@@@@@...
$ss$$.$$$$@@@@@@@...
$$..$$$$$$@@@@@@....
$$....$$....@@@@@...
......$.....@@@@@...
......$$$....@@@@@@.
.......$$$...@@@@@@.
.............@@@@...
.............@@@....
Piece: x = 4, y = 1
Piece size: y = 1
Piece:
..OO
Chosen coordinates: x = 2, y = 7
Updated Grid:
$$$$$$$@@@@@@@@@@...
$$$$$$$$@@@@@@@@@...
$$$$$$$$@@@@@@@@....
$$$$$$$$$@@@.@@@a@..
$$$$$$$$$@@@@@@@aa..
$$$$$$$$$$@@@@@@@...
$$$$$$$$$$@@@@@@@...
$ss$$$$$$$@@@@@@@...
$$..$$$$$$@@@@@@....
$$....$$....@@@@@...
......$.....@@@@@...
......$$$....@@@@@@.
.......$$$...@@@@@@.
.............@@@@...
.............@@@....
New round
Anfield: x = 20, y = 15
Grid size: y = 15
Grid:
$$$$$$$@@@@@@@@@@...
$$$$$$$$@@@@@@@@@...
$$$$$$$$@@@@@@@@....
$$$$$$$$$@@@.@@@@@..
$$$$$$$$$@@@@@@@@a..
$$$$$$$$$$@@@@@@@a..
$$$$$$$$$$@@@@@@@...
$$$$ss$$$$@@@@@@@...
$$..$$$$$$@@@@@@....
$$....$$....@@@@@...
......$.....@@@@@...
......$$$....@@@@@@.
.......$$$...@@@@@@.
.............@@@@...
.............@@@....
Piece: x = 2, y = 2
Piece size: y = 2
Piece:
.O
OO
Chosen coordinates: x = 2, y = 7
Updated Grid:
$$$$$$$@@@@@@@@@@...
$$$$$$$$@@@@@@@@@...
$$$$$$$$@@@@@@@@....
$$$$$$$$$@@@.@@@@@..
$$$$$$$$$@@@@@@@@a..
$$$$$$$$$$@@@@@@@a..
$$$$$$$$$$@@@@@@@...
$$$$ss$$$$@@@@@@@...
$$$$$$$$$$@@@@@@....
$$....$$....@@@@@...
......$.....@@@@@...
......$$$....@@@@@@.
.......$$$...@@@@@@.
.............@@@@...
.............@@@....
New round
Anfield: x = 20, y = 15
Grid size: y = 15
Grid:
$$$$$$$@@@@@@@@@@...
$$$$$$$$@@@@@@@@@...
$$$$$$$$@@@@@@@@....
$$$$$$$$$@@@.@@@@@..
$$$$$$$$$@@@@@@@@@..
$$$$$$$$$$@@@@@@@@..
$$$$$$$$$$@@@@@@@...
$$$s$$$$$$@@@@@@@...
$$ss$$$$$$@@@@@@....
$$....$$....@@@@@...
......$.....@@@@@...
......$$$....@@@@@@.
.......$$$...@@@@@@.
.............@@@aa..
.............@@@aa..
Piece: x = 4, y = 1
Piece size: y = 1
Piece:
OO..
Chosen coordinates: x = 1, y = 9
Updated Grid:
$$$$$$$@@@@@@@@@@...
$$$$$$$$@@@@@@@@@...
$$$$$$$$@@@@@@@@....
$$$$$$$$$@@@.@@@@@..
$$$$$$$$$@@@@@@@@@..
$$$$$$$$$$@@@@@@@@..
$$$$$$$$$$@@@@@@@...
$$$s$$$$$$@@@@@@@...
$$ss$$$$$$@@@@@@....
$$$...$$....@@@@@...
......$.....@@@@@...
......$$$....@@@@@@.
.......$$$...@@@@@@.
.............@@@aa..
.............@@@aa..
New round
Anfield: x = 20, y = 15
Grid size: y = 15
Grid:
$$$$$$$@@@@@@@@@@...
$$$$$$$$@@@@@@@@@...
$$$$$$$$@@@@@@@@....
$$$$$$$$$@@@.@@@@@..
$$$$$$$$$@@@@@@@@@..
$$$$$$$$$$@@@@@@@aa.
$$$$$$$$$$@@@@@@@aa.
$$$$$$$$$$@@@@@@@...
$$$$$$$$$$@@@@@@....
$ss...$$....@@@@@...
......$.....@@@@@...
......$$$....@@@@@@.
.......$$$...@@@@@@.
.............@@@@@..
.............@@@@@..
Piece: x = 1, y = 2
Piece size: y = 2
Piece:
O
O
Chosen coordinates: x = 3, y = 8
Updated Grid:
$$$$$$$@@@@@@@@@@...
$$$$$$$$@@@@@@@@@...
$$$$$$$$@@@@@@@@....
$$$$$$$$$@@@.@@@@@..
$$$$$$$$$@@@@@@@@@..
$$$$$$$$$$@@@@@@@aa.
$$$$$$$$$$@@@@@@@aa.
$$$$$$$$$$@@@@@@@...
$$$$$$$$$$@@@@@@....
$ss$..$$....@@@@@...
......$.....@@@@@...
......$$$....@@@@@@.
.......$$$...@@@@@@.
.............@@@@@..
.............@@@@@..
New round
Anfield: x = 20, y = 15
Grid size: y = 15
Grid:
$$$$$$$@@@@@@@@@@...
$$$$$$$$@@@@@@@@@...
$$$$$$$$@@@@@@@@....
$$$$$$$$$@@@.@@@@@..
$$$$$$$$$@@@@@@@@@..
$$$$$$$$$$@@@@@@@@@.
$$$$$$$$$$@@@@@@@@@.
$$$$$$$$$$@@@@@@aa..
$$$s$$$$$$@@@@@@....
$$$s..$$....@@@@@...
......$.....@@@@@...
......$$$....@@@@@@.
.......$$$...@@@@@@.
.............@@@@@..
.............@@@@@..
Piece: x = 2, y = 3
Piece size: y = 3
Piece:
..
OO
OO
Chosen coordinates: x = 3, y = 8
Updated Grid:
$$$$$$$@@@@@@@@@@...
$$$$$$$$@@@@@@@@@...
$$$$$$$$@@@@@@@@....
$$$$$$$$$@@@.@@@@@..
$$$$$$$$$@@@@@@@@@..
$$$$$$$$$$@@@@@@@@@.
$$$$$$$$$$@@@@@@@@@.
$$$$$$$$$$@@@@@@aa..
$$$s$$$$$$@@@@@@....
$$$$$.$$....@@@@@...
...$$.$.....@@@@@...
......$$$....@@@@@@.
.......$$$...@@@@@@.
.............@@@@@..
.............@@@@@..
New round
Anfield: x = 20, y = 15
Grid size: y = 15
Grid:
$$$$$$$@@@@@@@@@@...
$$$$$$$$@@@@@@@@@...
$$$$$$$$@@@@@@@@....
$$$$$$$$$@@@.@@@@@..
$$$$$$$$$@@@@@@@@@..
$$$$$$$$$$@@@@@@@@@.
$$$$$$$$$$@@@@@@@@a.
$$$$$$$$$$@@@@@@@@aa
$$$$$$$$$$@@@@@@..aa
$$$ss.$$....@@@@@...
...ss.$.....@@@@@...
......$$$....@@@@@@.
.......$$$...@@@@@@.
.............@@@@@..
.............@@@@@..
Piece: x = 2, y = 1
Piece size: y = 1
Piece:
OO
Chosen coordinates: x = 4, y = 9
Updated Grid:
$$$$$$$@@@@@@@@@@...
$$$$$$$$@@@@@@@@@...
$$$$$$$$@@@@@@@@....
$$$$$$$$$@@@.@@@@@..
$$$$$$$$$@@@@@@@@@..
$$$$$$$$$$@@@@@@@@@.
$$$$$$$$$$@@@@@@@@a.
$$$$$$$$$$@@@@@@@@aa
$$$$$$$$$$@@@@@@..aa
$$$s$$$$....@@@@@...
...ss.$.....@@@@@...
......$$$....@@@@@@.
.......$$$...@@@@@@.
.............@@@@@..
.............@@@@@..
New round
Anfield: x = 20, y = 15
Grid size: y = 15
Grid:
$$$$$$$@@@@@@@@@@...
$$$$$$$$@@@@@@@@@...
$$$$$$$$@@@@@@@@....
$$$$$$$$$@@@.@@@@@..
$$$$$$$$$@@@@@@@@@..
$$$$$$$$$$@@@@@@@@@.
$$$$$$$$$$@@@@@@@@@.
$$$$$$$$$$@@@@@@@@@@
$$$$$$$$$$@@@@@@.aa@
$$$$ss$$....@@@@@...
...$$.$.....@@@@@...
......$$$....@@@@@@.
.......$$$...@@@@@@.
.............@@@@@..
.............@@@@@..
Piece: x = 2, y = 2
Piece size: y = 2
Piece:
O.
OO
Chosen coordinates: x = 8, y = 8
Updated Grid:
$$$$$$$@@@@@@@@@@...
$$$$$$$$@@@@@@@@@...
$$$$$$$$@@@@@@@@....
$$$$$$$$$@@@.@@@@@..
$$$$$$$$$@@@@@@@@@..
$$$$$$$$$$@@@@@@@@@.
$$$$$$$$$$@@@@@@@@@.
$$$$$$$$$$@@@@@@@@@@
$$$$$$$$$$@@@@@@.aa@
$$$$ss$$$$..@@@@@...
...$$.$.....@@@@@...
......$$$....@@@@@@.
.......$$$...@@@@@@.
.............@@@@@..
.............@@@@@..
New round
Anfield: x = 20, y = 15
Grid size: y = 15
Grid:
$$$$$$$@@@@@@@@@@...
$$$$$$$$@@@@@@@@@...
$$$$$$$$@@@@@@@@....
$$$$$$$$$@@@.@@@@@..
$$$$$$$$$@@@@@@@@@..
$$$$$$$$$$@@@@@@@@@.
$$$$$$$$$$@@@@@@@@@.
$$$$$$$$$$@@@@@@@@@@
$$$$$$$$s$@@@@@@aa@@
$$$$$$$$ss..@@@@@...
...$$.$.....@@@@@...
......$$$....@@@@@@.
.......$$$...@@@@@@.
.............@@@@@..
.............@@@@@..
Piece: x = 4, y = 1
Piece size: y = 1
Piece:
.OOO
Chosen coordinates: x = 8, y = 9
Updated Grid:
$$$$$$$@@@@@@@@@@...
$$$$$$$$@@@@@@@@@...
$$$$$$$$@@@@@@@@....
$$$$$$$$$@@@.@@@@@..
$$$$$$$$$@@@@@@@@@..
$$$$$$$$$$@@@@@@@@@.
$$$$$$$$$$@@@@@@@@@.
$$$$$$$$$$@@@@@@@@@@
$$$$$$$$s$@@@@@@aa@@
$$$$$$$$s$$$@@@@@...
...$$.$.....@@@@@...
......$$$....@@@@@@.
.......$$$...@@@@@@.
.............@@@@@..
.............@@@@@..
New round
Anfield: x = 20, y = 15
Grid size: y = 15
Grid:
$$$$$$$@@@@@@@@@@...
$$$$$$$$@@@@@@@@@...
$$$$$$$$@@@@@@@@....
$$$$$$$$$@@@.@@@@@..
$$$$$$$$$@@@@@@@@@..
$$$$$$$$$$@@@@@@@@@.
$$$$$$$$$$@@@@@@@@@.
$$$$$$$$$$@@@@@@@@@@
$$$$$$$$$$@@@@@@@@@@
$$$$$$$$$sss@@@@@...
...$$.$.....@@@@@...
......$$$....@@@@@@.
.......$$$.aa@@@@@@.
...........aaa@@@@..
...........aa@@@@@..
Piece: x = 1, y = 2
Piece size: y = 2
Piece:
O
O
Chosen coordinates: x = 0, y = 9
Updated Grid:
$$$$$$$@@@@@@@@@@...
$$$$$$$$@@@@@@@@@...
$$$$$$$$@@@@@@@@....
$$$$$$$$$@@@.@@@@@..
$$$$$$$$$@@@@@@@@@..
$$$$$$$$$$@@@@@@@@@.
$$$$$$$$$$@@@@@@@@@.
$$$$$$$$$$@@@@@@@@@@
$$$$$$$$$$@@@@@@@@@@
$$$$$$$$$sss@@@@@...
$..$$.$.....@@@@@...
......$$$....@@@@@@.
.......$$$.aa@@@@@@.
...........aaa@@@@..
...........aa@@@@@..
New round
Anfield: x = 20, y = 15
Grid size: y = 15
Grid:
$$$$$$$@@@@@@@@@@...
$$$$$$$$@@@@@@@@@...
$$$$$$$$@@@@@@@@....
$$$$$$$$$@@@.@@@@@..
$$$$$$$$$@@@@@@@@@..
$$$$$$$$$$@@@@@@@@@.
$$$$$$$$$$@@@@@@@@@.
$$$$$$$$$$@@@@@@@@@@
$$$$$$$$$$@@@@@@@@a@
s$$$$$$$$$$$@@@@@.a.
s..$$.$.....@@@@@...
......$$$....@@@@@@.
.......$$$.@@@@@@@@.
...........@@@@@@@..
...........@@@@@@@..
Piece: x = 3, y = 1
Piece size: y = 1
Piece:
.OO
Chosen coordinates: x = 1, y = 10
Updated Grid:
$$$$$$$@@@@@@@@@@...
$$$$$$$$@@@@@@@@@...
$$$$$$$$@@@@@@@@....
$$$$$$$$$@@@.@@@@@..
$$$$$$$$$@@@@@@@@@..
$$$$$$$$$$@@@@@@@@@.
$$$$$$$$$$@@@@@@@@@.
$$$$$$$$$$@@@@@@@@@@
$$$$$$$$$$@@@@@@@@a@
s$$$$$$$$$$$@@@@@.a.
s.$$$.$.....@@@@@...
......$$$....@@@@@@.
.......$$$.@@@@@@@@.
...........@@@@@@@..
...........@@@@@@@..
New round
Anfield: x = 20, y = 15
Grid size: y = 15
Grid:
$$$$$$$@@@@@@@@@@...
$$$$$$$$@@@@@@@@@...
$$$$$$$$@@@@@@@@....
$$$$$$$$$@@@.@@@@@..
$$$$$$$$$@@@@@@@@@..
$$$$$$$$$$@@@@@@@@@.
$$$$$$$$$$@@@@@@@@@.
$$$$$$$$$$@@@@@@@@@@
$$$$$$$$$$@@@@@@@@@@
$$$$$$$$$$$$@@@@@.@.
$.ss$.$.....@@@@@a..
......$$$....@@@@a@.
.......$$$.@@@@@@@@.
...........@@@@@@@..
...........@@@@@@@..
Piece: x = 1, y = 2
Piece size: y = 2
Piece:
O
O
Chosen coordinates: x = 1, y = 9
Updated Grid:
$$$$$$$@@@@@@@@@@...
$$$$$$$$@@@@@@@@@...
$$$$$$$$@@@@@@@@....
$$$$$$$$$@@@.@@@@@..
$$$$$$$$$@@@@@@@@@..
$$$$$$$$$$@@@@@@@@@.
$$$$$$$$$$@@@@@@@@@.
$$$$$$$$$$@@@@@@@@@@
$$$$$$$$$$@@@@@@@@@@
$$$$$$$$$$$$@@@@@.@.
$$ss$.$.....@@@@@a..
......$$$....@@@@a@.
.......$$$.@@@@@@@@.
...........@@@@@@@..
...........@@@@@@@..
New round
Anfield: x = 20, y = 15
Grid size: y = 15
Grid:
$$$$$$$@@@@@@@@@@...
$$$$$$$$@@@@@@@@@...
$$$$$$$$@@@@@@@@....
$$$$$$$$$@@@.@@@@@..
$$$$$$$$$@@@@@@@@@..
$$$$$$$$$$@@@@@@@@@.
$$$$$$$$$$@@@@@@@@@.
$$$$$$$$$$@@@@@@@@@@
$$$$$$$$$$@@@@@@@a@@
$s$$$$$$$$$$@@@@@a@.
$s$$$.$.....@@@@@@..
......$$$....@@@@@@.
.......$$$.@@@@@@@@.
...........@@@@@@@..
...........@@@@@@@..
Piece: x = 4, y = 3
Piece size: y = 3
Piece:
OO..
OO..
OO..
Chosen coordinates: x = 4, y = 10
Updated Grid:
$$$$$$$@@@@@@@@@@...
$$$$$$$$@@@@@@@@@...
$$$$$$$$@@@@@@@@....
$$$$$$$$$@@@.@@@@@..
$$$$$$$$$@@@@@@@@@..
$$$$$$$$$$@@@@@@@@@.
$$$$$$$$$$@@@@@@@@@.
$$$$$$$$$$@@@@@@@@@@
$$$$$$$$$$@@@@@@@a@@
$s$$$$$$$$$$@@@@@a@.
$s$$$$$.....@@@@@@..
....$$$$$....@@@@@@.
....$$.$$$.@@@@@@@@.
...........@@@@@@@..
...........@@@@@@@..
New round
Anfield: x = 20, y = 15
Grid size: y = 15
Grid:
$$$$$$$@@@@@@@@@@...
$$$$$$$$@@@@@@@@@...
$$$$$$$$@@@@@@@@....
$$$$$$$$$@@@.@@@@@..
$$$$$$$$$@@@@@@@@@..
$$$$$$$$$$@@@@@@@@@.
$$$$$$$$$$@@@@@@@@@.
$$$$$$$$$$@@@@@@@@@@
$$$$$$$$$$@@@@@@@@@@
$$$$$$$$$$$$@@@@@@aa
$$$$ss$.....@@@@@@..
....ss$$$....@@@@@@.
....ss.$$$.@@@@@@@@.
...........@@@@@@@..
...........@@@@@@@..
Piece: x = 2, y = 1
Piece size: y = 1
Piece:
OO
Chosen coordinates: x = 6, y = 10
Updated Grid:
$$$$$$$@@@@@@@@@@...
$$$$$$$$@@@@@@@@@...
$$$$$$$$@@@@@@@@....
$$$$$$$$$@@@.@@@@@..
$$$$$$$$$@@@@@@@@@..
$$$$$$$$$$@@@@@@@@@.
$$$$$$$$$$@@@@@@@@@.
$$$$$$$$$$@@@@@@@@@@
$$$$$$$$$$@@@@@@@@@@
$$$$$$$$$$$$@@@@@@aa
$$$$ss$$....@@@@@@..
....ss$$$....@@@@@@.
....ss.$$$.@@@@@@@@.
...........@@@@@@@..
...........@@@@@@@..
New round
Anfield: x = 20, y = 15
Grid size: y = 15
Grid:
$$$$$$$@@@@@@@@@@...
$$$$$$$$@@@@@@@@@...
$$$$$$$$@@@@@@@@....
$$$$$$$$$@@@.@@@@@..
$$$$$$$$$@@@@@@@@@..
$$$$$$$$$$@@@@@@@@@.
$$$$$$$$$$@@@@@@@@@.
$$$$$$$$$$@@@@@@@@@@
$$$$$$$$$$@@@@@@@@@@
$$$$$$$$$$$$@@@@@@@@
$$$$$$ss....@@@@@@a.
....$$$$$....@@@@@a.
....$$.$$$.@@@@@@@@.
...........@@@@@@@..
...........@@@@@@@..
Piece: x = 4, y = 1
Piece size: y = 1
Piece:
.OO.
Chosen coordinates: x = 6, y = 10
Updated Grid:
$$$$$$$@@@@@@@@@@...
$$$$$$$$@@@@@@@@@...
$$$$$$$$@@@@@@@@....
$$$$$$$$$@@@.@@@@@..
$$$$$$$$$@@@@@@@@@..
$$$$$$$$$$@@@@@@@@@.
$$$$$$$$$$@@@@@@@@@.
$$$$$$$$$$@@@@@@@@@@
$$$$$$$$$$@@@@@@@@@@
$$$$$$$$$$$$@@@@@@@@
$$$$$$s$$...@@@@@@a.
....$$$$$....@@@@@a.
....$$.$$$.@@@@@@@@.
...........@@@@@@@..
...........@@@@@@@..
New round
Anfield: x = 20, y = 15
Grid size: y = 15
Grid:
$$$$$$$@@@@@@@@@@...
$$$$$$$$@@@@@@@@@...
$$$$$$$$@@@@@@@@....
$$$$$$$$$@@@a@@@@@..
$$$$$$$$$@@@a@@@@@..
$$$$$$$$$$@@@@@@@@@.
$$$$$$$$$$@@@@@@@@@.
$$$$$$$$$$@@@@@@@@@@
$$$$$$$$$$@@@@@@@@@@
$$$$$$$$$$$$@@@@@@@@
$$$$$$$ss...@@@@@@@.
....$$$$$....@@@@@@.
....$$.$$$.@@@@@@@@.
...........@@@@@@@..
...........@@@@@@@..
Piece: x = 2, y = 2
Piece size: y = 2
Piece:
.O
OO
Chosen coordinates: x = 9, y = 9
Updated Grid:
$$$$$$$@@@@@@@@@@...
$$$$$$$$@@@@@@@@@...
$$$$$$$$@@@@@@@@....
$$$$$$$$$@@@a@@@@@..
$$$$$$$$$@@@a@@@@@..
$$$$$$$$$$@@@@@@@@@.
$$$$$$$$$$@@@@@@@@@.
$$$$$$$$$$@@@@@@@@@@
$$$$$$$$$$@@@@@@@@@@
$$$$$$$$$$$$@@@@@@@@
$$$$$$$ss$$.@@@@@@@.
....$$$$$....@@@@@@.
....$$.$$$.@@@@@@@@.
...........@@@@@@@..
...........@@@@@@@..
New round
Anfield: x = 20, y = 15
Grid size: y = 15
Grid:
$$$$$$$@@@@@@@@@@...
$$$$$$$$@@@@@@@@aa..
$$$$$$$$@@@@@@@@aa..
$$$$$$$$$@@@@@@@@@..
$$$$$$$$$@@@@@@@@@..
$$$$$$$$$$@@@@@@@@@.
$$$$$$$$$$@@@@@@@@@.
$$$$$$$$$$@@@@@@@@@@
$$$$$$$$$$@@@@@@@@@@
$$$$$$$$$$s$@@@@@@@@
$$$$$$$$$ss.@@@@@@@.
....$$$$$....@@@@@@.
....$$.$$$.@@@@@@@@.
...........@@@@@@@..
...........@@@@@@@..
Piece: x = 4, y = 2
Piece size: y = 2
Piece:
OOOO
OOO.
Chosen coordinates: x = 1, y = 11
Updated Grid:
$$$$$$$@@@@@@@@@@...
$$$$$$$$@@@@@@@@aa..
$$$$$$$$@@@@@@@@aa..
$$$$$$$$$@@@@@@@@@..
$$$$$$$$$@@@@@@@@@..
$$$$$$$$$$@@@@@@@@@.
$$$$$$$$$$@@@@@@@@@.
$$$$$$$$$$@@@@@@@@@@
$$$$$$$$$$@@@@@@@@@@
$$$$$$$$$$s$@@@@@@@@
$$$$$$$$$ss.@@@@@@@.
.$$$$$$$$....@@@@@@.
.$$$$$.$$$.@@@@@@@@.
...........@@@@@@@..
...........@@@@@@@..
New round
Anfield: x = 20, y = 15
Grid size: y = 15
Grid:
$$$$$$$@@@@@@@@@@...
$$$$$$$$@@@@@@@@@@..
$$$$$$$$@@@@@@@@@@..
$$$$$$$$$@@@@@@@@@..
$$$$$$$$$@@@@@@@@@..
$$$$$$$$$$@@@@@@@@@.
$$$$$$$$$$@@@@@@@@@.
$$$$$$$$$$@@@@@@@@@@
$$$$$$$$$$@@@@@@@@@@
$$$$$$$$$$$$@@@@@@@@
$$$$$$$$$$$.@@@@@@@.
.ssss$$$$....@@@@@@.
.sss$$.$$$.@@@@@@@@.
...........@@@@@@aaa
...........@@@@@@@a.
Piece: x = 1, y = 2
Piece size: y = 2
Piece:
O
O
Chosen coordinates: x = 11, y = 9
Updated Grid:
$$$$$$$@@@@@@@@@@...
$$$$$$$$@@@@@@@@@@..
$$$$$$$$@@@@@@@@@@..
$$$$$$$$$@@@@@@@@@..
$$$$$$$$$@@@@@@@@@..
$$$$$$$$$$@@@@@@@@@.
$$$$$$$$$$@@@@@@@@@.
$$$$$$$$$$@@@@@@@@@@
$$$$$$$$$$@@@@@@@@@@
$$$$$$$$$$$$@@@@@@@@
$$$$$$$$$$$$@@@@@@@.
.ssss$$$$....@@@@@@.
.sss$$.$$$.@@@@@@@@.
...........@@@@@@aaa
...........@@@@@@@a.
New round
Anfield: x = 20, y = 15
Grid size: y = 15
Grid:
$$$$$$$@@@@@@@@@@...
$$$$$$$$@@@@@@@@@@..
$$$$$$$$@@@@@@@@@@..
$$$$$$$$$@@@@@@@@@..
$$$$$$$$$@@@@@@@@@..
$$$$$$$$$$@@@@@@@@@.
$$$$$$$$$$@@@@@@@@@.
$$$$$$$$$$@@@@@@@@@@
$$$$$$$$$$@@@@@@@@@@
$$$$$$$$$$$s@@@@@@@@
$$$$$$$$$$$s@@@@@@@.
.$$$$$$$$....@@@@@aa
.$$$$$.$$$.@@@@@@@@.
...........@@@@@@@@@
...........@@@@@@@@.
Piece: x = 1, y = 3
Piece size: y = 3
Piece:
O
O
.
Chosen coordinates: x = 0, y = 10
Updated Grid:
$$$$$$$@@@@@@@@@@...
$$$$$$$$@@@@@@@@@@..
$$$$$$$$@@@@@@@@@@..
$$$$$$$$$@@@@@@@@@..
$$$$$$$$$@@@@@@@@@..
$$$$$$$$$$@@@@@@@@@.
$$$$$$$$$$@@@@@@@@@.
$$$$$$$$$$@@@@@@@@@@
$$$$$$$$$$@@@@@@@@@@
$$$$$$$$$$$s@@@@@@@@
$$$$$$$$$$$s@@@@@@@.
$$$$$$$$$....@@@@@aa
.$$$$$.$$$.@@@@@@@@.
...........@@@@@@@@@
...........@@@@@@@@.
New round
Anfield: x = 20, y = 15
Grid size: y = 15
Grid:
$$$$$$$@@@@@@@@@@...
$$$$$$$$@@@@@@@@@@..
$$$$$$$$@@@@@@@@@@..
$$$$$$$$$@@@@@@@@@..
$$$$$$$$$@@@@@@@@@a.
$$$$$$$$$$@@@@@@@@a.
$$$$$$$$$$@@@@@@@@@.
$$$$$$$$$$@@@@@@@@@@
$$$$$$$$$$@@@@@@@@@@
$$$$$$$$$$$$@@@@@@@@
s$$$$$$$$$$$@@@@@@@.
s$$$$$$$$....@@@@@@@
.$$$$$.$$$.@@@@@@@@.
...........@@@@@@@@@
...........@@@@@@@@.
Piece: x = 3, y = 3
Piece size: y = 3
Piece:
OO.
OO.
OOO
Chosen coordinates: x = 0, y = 12
Updated Grid:
$$$$$$$@@@@@@@@@@...
$$$$$$$$@@@@@@@@@@..
$$$$$$$$@@@@@@@@@@..
$$$$$$$$$@@@@@@@@@..
$$$$$$$$$@@@@@@@@@a.
$$$$$$$$$$@@@@@@@@a.
$$$$$$$$$$@@@@@@@@@.
$$$$$$$$$$@@@@@@@@@@
$$$$$$$$$$@@@@@@@@@@
$$$$$$$$$$$$@@@@@@@@
s$$$$$$$$$$$@@@@@@@.
s$$$$$$$$....@@@@@@@
$$$$$$.$$$.@@@@@@@@.
$$.........@@@@@@@@@
$$$........@@@@@@@@.
New round
Anfield: x = 20, y = 15
Grid size: y = 15
Grid:
$$$$$$$@@@@@@@@@@...
$$$$$$$$@@@@@@@@@@..
$$$$$$$$@@@@@@@@@@a.
$$$$$$$$$@@@@@@@@aa.
$$$$$$$$$@@@@@@@@@@.
$$$$$$$$$$@@@@@@@@@.
$$$$$$$$$$@@@@@@@@@.
$$$$$$$$$$@@@@@@@@@@
$$$$$$$$$$@@@@@@@@@@
$$$$$$$$$$$$@@@@@@@@
$$$$$$$$$$$$@@@@@@@.
$$$$$$$$$....@@@@@@@
ss$$$$.$$$.@@@@@@@@.
ss.........@@@@@@@@@
sss........@@@@@@@@.
Piece: x = 3, y = 1
Piece size: y = 1
Piece:
.OO
Chosen coordinates: x = 7, y = 11
Updated Grid:
$$$$$$$@@@@@@@@@@...
$$$$$$$$@@@@@@@@@@..
$$$$$$$$@@@@@@@@@@a.
$$$$$$$$$@@@@@@@@aa.
$$$$$$$$$@@@@@@@@@@.
$$$$$$$$$$@@@@@@@@@.
$$$$$$$$$$@@@@@@@@@.
$$$$$$$$$$@@@@@@@@@@
$$$$$$$$$$@@@@@@@@@@
$$$$$$$$$$$$@@@@@@@@
$$$$$$$$$$$$@@@@@@@.
$$$$$$$$$$...@@@@@@@
ss$$$$.$$$.@@@@@@@@.
ss.........@@@@@@@@@
sss........@@@@@@@@.
New round
Anfield: x = 20, y = 15
Grid size: y = 15
Grid:
$$$$$$$@@@@@@@@@@...
$$$$$$$$@@@@@@@@@@..
$$$$$$$$@@@@@@@@@@@.
$$$$$$$$$@@@@@@@@@@.
$$$$$$$$$@@@@@@@@@@.
$$$$$$$$$$@@@@@@@@@.
$$$$$$$$$$@@@@@@@@@.
$$$$$$$$$$@@@@@@@@@@
$$$$$$$$$$@@@@@@@@@@
$$$$$$$$$$$$@@@@@@@@
$$$$$$$$$$$$@@@@@@@.
$$$$$$$$ss...@@@@@@@
$$$$$$.$$$.@@@@@@@@.
$$.........@@@@@@@@@
$$$......aaa@@@@@@@.
Piece: x = 4, y = 1
Piece size: y = 1
Piece:
OO..
Chosen coordinates: x = 9, y = 11
Updated Grid:
$$$$$$$@@@@@@@@@@...
$$$$$$$$@@@@@@@@@@..
$$$$$$$$@@@@@@@@@@@.
$$$$$$$$$@@@@@@@@@@.
$$$$$$$$$@@@@@@@@@@.
$$$$$$$$$$@@@@@@@@@.
$$$$$$$$$$@@@@@@@@@.
$$$$$$$$$$@@@@@@@@@@
$$$$$$$$$$@@@@@@@@@@
$$$$$$$$$$$$@@@@@@@@
$$$$$$$$$$$$@@@@@@@.
$$$$$$$$s$$..@@@@@@@
$$$$$$.$$$.@@@@@@@@.
$$.........@@@@@@@@@
$$$......aaa@@@@@@@.
New round
Anfield: x = 20, y = 15
Grid size: y = 15
Grid:
$$$$$$$@@@@@@@@@@...
$$$$$$$$@@@@@@@@@@..
$$$$$$$$@@@@@@@@@@@.
$$$$$$$$$@@@@@@@@@@.
$$$$$$$$$@@@@@@@@@@.
$$$$$$$$$$@@@@@@@@@.
$$$$$$$$$$@@@@@@@@@.
$$$$$$$$$$@@@@@@@@@@
$$$$$$$$$$@@@@@@@@@@
$$$$$$$$$$$$@@@@@@@@
$$$$$$$$$$$$@@@@@@@.
$$$$$$$$$ss..@@@@@@@
$$$$$$.$$$.@@@@@@@aa
$$.........@@@@@@@@@
$$$......@@@@@@@@@@.
Piece: x = 1, y = 2
Piece size: y = 2
Piece:
O
O
Chosen coordinates: x = 11, y = 10
Updated Grid:
$$$$$$$@@@@@@@@@@...
$$$$$$$$@@@@@@@@@@..
$$$$$$$$@@@@@@@@@@@.
$$$$$$$$$@@@@@@@@@@.
$$$$$$$$$@@@@@@@@@@.
$$$$$$$$$$@@@@@@@@@.
$$$$$$$$$$@@@@@@@@@.
$$$$$$$$$$@@@@@@@@@@
$$$$$$$$$$@@@@@@@@@@
$$$$$$$$$$$$@@@@@@@@
$$$$$$$$$$$$@@@@@@@.
$$$$$$$$$ss$.@@@@@@@
$$$$$$.$$$.@@@@@@@aa
$$.........@@@@@@@@@
$$$......@@@@@@@@@@.
New round
Anfield: x = 20, y = 15
Grid size: y = 15
Grid:
$$$$$$$@@@@@@@@@@...
$$$$$$$$@@@@@@@@@@..
$$$$$$$$@@@@@@@@@@@.
$$$$$$$$$@@@@@@@@@@.
$$$$$$$$$@@@@@@@@@@.
$$$$$$$$$$@@@@@@@@@.
$$$$$$$$$$@@@@@@@@aa
$$$$$$$$$$@@@@@@@@@@
$$$$$$$$$$@@@@@@@@@@
$$$$$$$$$$$$@@@@@@@@
$$$$$$$$$$$s@@@@@@@.
$$$$$$$$$$$s.@@@@@@@
$$$$$$.$$$.@@@@@@@@@
$$.........@@@@@@@@@
$$$......@@@@@@@@@@.
Piece: x = 4, y = 2
Piece size: y = 2
Piece:
.OOO
OO..
Chosen coordinates: x = 2, y = 13
Updated Grid:
$$$$$$$@@@@@@@@@@...
$$$$$$$$@@@@@@@@@@..
$$$$$$$$@@@@@@@@@@@.
$$$$$$$$$@@@@@@@@@@.
$$$$$$$$$@@@@@@@@@@.
$$$$$$$$$$@@@@@@@@@.
$$$$$$$$$$@@@@@@@@aa
$$$$$$$$$$@@@@@@@@@@
$$$$$$$$$$@@@@@@@@@@
$$$$$$$$$$$$@@@@@@@@
$$$$$$$$$$$s@@@@@@@.
$$$$$$$$$$$s.@@@@@@@
$$$$$$.$$$.@@@@@@@@@
$$.$$$.....@@@@@@@@@
$$$$.....@@@@@@@@@@.
New round
Anfield: x = 20, y = 15
Grid size: y = 15
Grid:
$$$$$$$@@@@@@@@@@...
$$$$$$$$@@@@@@@@@@..
$$$$$$$$@@@@@@@@@@@.
$$$$$$$$$@@@@@@@@@@.
$$$$$$$$$@@@@@@@@@@.
$$$$$$$$$$@@@@@@@@@.
$$$$$$$$$$@@@@@@@@@@
$$$$$$$$$$@@@@@@@@@@
$$$$$$$$$$@@@@@@@@@@
$$$$$$$$$$$$@@@@@@@@
$$$$$$$$$$$$@@@@@@@.
$$$$$$$$$$$$.@@@@@@@
$$$$$$.$$$.@@@@@@@@@
$$.sss.aa.a@@@@@@@@@
$$ss...aaa@@@@@@@@@.
Piece: x = 4, y = 3
Piece size: y = 3
Piece:
O...
OO..
....
Chosen coordinates: x = 4, y = 13
Updated Grid:
$$$$$$$@@@@@@@@@@...
$$$$$$$$@@@@@@@@@@..
$$$$$$$$@@@@@@@@@@@.
$$$$$$$$$@@@@@@@@@@.
$$$$$$$$$@@@@@@@@@@.
$$$$$$$$$$@@@@@@@@@.
$$$$$$$$$$@@@@@@@@@@
$$$$$$$$$$@@@@@@@@@@
$$$$$$$$$$@@@@@@@@@@
$$$$$$$$$$$$@@@@@@@@
$$$$$$$$$$$$@@@@@@@.
$$$$$$$$$$$$.@@@@@@@
$$$$$$.$$$.@@@@@@@@@
$$.s$s.aa.a@@@@@@@@@
$$ss$$.aaa@@@@@@@@@.
New round
Anfield: x = 20, y = 15
Grid size: y = 15
Grid:
$$$$$$$@@@@@@@@@@...
$$$$$$$$@@@@@@@@@@..
$$$$$$$$@@@@@@@@@@@.
$$$$$$$$$@@@@@@@@@@.
$$$$$$$$$@@@@@@@@@@.
$$$$$$$$$$@@@@@@@@@a
$$$$$$$$$$@@@@@@@@@a
$$$$$$$$$$@@@@@@@@@@
$$$$$$$$$$@@@@@@@@@@
$$$$$$$$$$$$@@@@@@@@
$$$$$$$$$$$$@@@@@@@.
$$$$$$$$$$$$.@@@@@@@
$$$$$$.$$$.@@@@@@@@@
$$.$s$.@@.@@@@@@@@@@
$$$$ss.@@@@@@@@@@@@.
Piece: x = 1, y = 3
Piece size: y = 3
Piece:
.
O
O
Chosen coordinates: x = 6, y = 10
Updated Grid:
$$$$$$$@@@@@@@@@@...
$$$$$$$$@@@@@@@@@@..
$$$$$$$$@@@@@@@@@@@.
$$$$$$$$$@@@@@@@@@@.
$$$$$$$$$@@@@@@@@@@.
$$$$$$$$$$@@@@@@@@@a
$$$$$$$$$$@@@@@@@@@a
$$$$$$$$$$@@@@@@@@@@
$$$$$$$$$$@@@@@@@@@@
$$$$$$$$$$$$@@@@@@@@
$$$$$$$$$$$$@@@@@@@.
$$$$$$$$$$$$.@@@@@@@
$$$$$$$$$$.@@@@@@@@@
$$.$s$.@@.@@@@@@@@@@
$$$$ss.@@@@@@@@@@@@.
New round
Anfield: x = 20, y = 15
Grid size: y = 15
Grid:
$$$$$$$@@@@@@@@@@...
$$$$$$$$@@@@@@@@@@..
$$$$$$$$@@@@@@@@@@@.
$$$$$$$$$@@@@@@@@@@.
$$$$$$$$$@@@@@@@@@@.
$$$$$$$$$$@@@@@@@@@@
$$$$$$$$$$@@@@@@@@@@
$$$$$$$$$$@@@@@@@@@@
$$$$$$$$$$@@@@@@@@@@
$$$$$$$$$$$$@@@@@@@@
$$$$$$$$$$$$@@@@@@@.
$$$$$$s$$$$$.@@@@@@@
$$$$$$s$$$.@@@@@@@@@
$$.$$$.@@.@@@@@@@@@@
$$$$$$.@@@@@@@@@@@aa
Piece: x = 2, y = 3
Piece size: y = 3
Piece:
.O
OO
OO
Chosen coordinates: x = 0, y = 0
Updated Grid:
$$$$$$$@@@@@@@@@@...
$$$$$$$$@@@@@@@@@@..
$$$$$$$$@@@@@@@@@@@.
$$$$$$$$$@@@@@@@@@@.
$$$$$$$$$@@@@@@@@@@.
$$$$$$$$$$@@@@@@@@@@
$$$$$$$$$$@@@@@@@@@@
$$$$$$$$$$@@@@@@@@@@
$$$$$$$$$$@@@@@@@@@@
$$$$$$$$$$$$@@@@@@@@
$$$$$$$$$$$$@@@@@@@.
$$$$$$s$$$$$.@@@@@@@
$$$$$$s$$$.@@@@@@@@@
$$.$$$.@@.@@@@@@@@@@
$$$$$$.@@@@@@@@@@@aa
New round
Input does not start with 'Anfield', exiting loop
